c:\users\dzied\downloads\project1.2\release\vc143.pdb
c:\users\dzied\downloads\project1.2\release\tests.obj
c:\users\dzied\downloads\project1.2\release\table.obj
c:\users\dzied\downloads\project1.2\release\projekt1.obj
c:\users\dzied\downloads\project1.2\release\menu.obj
c:\users\dzied\downloads\project1.2\release\heap.obj
c:\users\dzied\downloads\project1.2\release\filehandler.obj
c:\users\dzied\downloads\project1.2\release\doublelinkedlist.obj
c:\users\dzied\downloads\project1.2\release\randomgenerator.obj
c:\users\dzied\downloads\project1.2\release\project1.2.exe
c:\users\dzied\downloads\project1.2\release\project1.2.pdb
c:\users\malan\desktop\studia\4 sem\sdizo\project1.2\release\project1.2.ipdb
c:\users\malan\desktop\studia\4 sem\sdizo\project1.2\release\project1.2.iobj
c:\users\dzied\downloads\project1.2\release\project1.2.ipdb
c:\users\dzied\downloads\project1.2\release\project1.2.iobj
c:\users\malan\desktop\studia\4 sem\sdizo\project1.2\release\doublelinkedlist.obj
c:\users\malan\desktop\studia\4 sem\sdizo\project1.2\release\filehandler.obj
c:\users\malan\desktop\studia\4 sem\sdizo\project1.2\release\heap.obj
c:\users\malan\desktop\studia\4 sem\sdizo\project1.2\release\menu.obj
c:\users\malan\desktop\studia\4 sem\sdizo\project1.2\release\projekt1.obj
c:\users\malan\desktop\studia\4 sem\sdizo\project1.2\release\randomgenerator.obj
c:\users\malan\desktop\studia\4 sem\sdizo\project1.2\release\table.obj
c:\users\malan\desktop\studia\4 sem\sdizo\project1.2\release\tests.obj
c:\users\malan\desktop\studia\4 sem\sdizo\project1.2\release\project1.2.pdb
c:\users\malan\desktop\studia\4 sem\sdizo\project1.2\release\vc142.pdb
c:\users\malan\desktop\studia\4 sem\sdizo\project1.2\release\vc143.pdb
c:\users\malan\desktop\studia\4 sem\sdizo\project1.2\release\project1.2.tlog\cl.command.1.tlog
c:\users\malan\desktop\studia\4 sem\sdizo\project1.2\release\project1.2.tlog\cl.read.1.tlog
c:\users\malan\desktop\studia\4 sem\sdizo\project1.2\release\project1.2.tlog\cl.write.1.tlog
c:\users\malan\desktop\studia\4 sem\sdizo\project1.2\release\project1.2.tlog\link.command.1.tlog
c:\users\malan\desktop\studia\4 sem\sdizo\project1.2\release\project1.2.tlog\link.read.1.tlog
c:\users\malan\desktop\studia\4 sem\sdizo\project1.2\release\project1.2.tlog\link.write.1.tlog
c:\users\malan\desktop\studia\4 sem\sdizo\project1.2\release\project1.2.tlog\project1.2.write.1u.tlog
